Arguments: 
  C:\Program Files\nodejs\node.exe C:\Program Files (x86)\Yarn\bin\yarn.js add bodyParser

PATH: 
  C:\WINDOWS\system32;C:\WINDOWS;C:\WINDOWS\System32\Wbem;C:\WINDOWS\System32\WindowsPowerShell\v1.0\;C:\Program Files\Hewlett-Packard\SimplePass\;C:\Program Files (x86)\ATI Technologies\ATI.ACE\Core-Static;C:\Program Files (x86)\QuickTime\QTSystem\;C:\Program Files (x86)\Skype\Phone\;C:\WINDOWS\System32\OpenSSH\;C:\Program Files\Git\cmd;C:\Program Files\nodejs\;C:\Program Files (x86)\Yarn\bin\;C:\Users\MorganPeterson\AppData\Local\Microsoft\WindowsApps;C:\Users\MorganPeterson\AppData\Local\Programs\Microsoft VS Code\bin;C:\Users\MorganPeterson\AppData\Local\GitHubDesktop\bin;C:\Users\MorganPeterson\AppData\Local\Microsoft\WindowsApps;C:\Users\MorganPeterson\AppData\Roaming\npm;C:\Users\MorganPeterson\AppData\Local\Yarn\bin;C:\Program Files\heroku\bin

Yarn version: 
  1.16.0

Node version: 
  10.15.3

Platform: 
  win32 x64

Trace: 
  Error: https://registry.yarnpkg.com/bodyParser: Not found
      at Request.params.callback [as _callback] (C:\Program Files (x86)\Yarn\lib\cli.js:65200:18)
      at Request.self.callback (C:\Program Files (x86)\Yarn\lib\cli.js:129590:22)
      at Request.emit (events.js:189:13)
      at Request.<anonymous> (C:\Program Files (x86)\Yarn\lib\cli.js:130562:10)
      at Request.emit (events.js:189:13)
      at IncomingMessage.<anonymous> (C:\Program Files (x86)\Yarn\lib\cli.js:130484:12)
      at Object.onceWrapper (events.js:277:13)
      at IncomingMessage.emit (events.js:194:15)
      at endReadableNT (_stream_readable.js:1125:12)
      at process._tickCallback (internal/process/next_tick.js:63:19)

npm manifest: 
  {
    "dependencies": {
      "json": "^9.0.6"
    }
  }

yarn manifest: 
  No manifest

Lockfile: 
  # THIS IS AN AUTOGENERATED FILE. DO NOT EDIT THIS FILE DIRECTLY.
  # yarn lockfile v1
  
  
  json@^9.0.6:
    version "9.0.6"
    resolved "https://registry.yarnpkg.com/json/-/json-9.0.6.tgz#7972c2a5a48a42678db2730c7c2c4ee6e4e24585"
    integrity sha1-eXLCpaSKQmeNsnMMfCxO5uTiRYU=
